Number of symptoms of anxiety : 5
Number of symptoms of arrhythmias : 3
Number of symptoms of blindness : 1
Number of symptoms of blurred vision : 5
Number of symptoms of constricted pupils : 3
Number of symptoms of cough : 6
Number of symptoms of dialated pupils : 4
Number of symptoms of dizziness : 5
Number of symptoms of dry mouth : 8
Number of symptoms of fever : 7
Number of symptoms of headache : 3
Number of symptoms of high blood pressure : 10
Number of symptoms of inflamation : 7
Number of symptoms of insomnia : 4
Number of symptoms of low blood pressure : 4
Number of symptoms of nausea : 5
Number of symptoms of rapid heart rate : 1
Number of symptoms of rash : 4
Number of symptoms of shortness of breath : 3
Number of symptoms of stiff neck : 4
Number of symptoms of stomach pain : 3
Number of symptoms of tremor : 4
Number of symptoms of water retention : 1
